[+] Containers:
 |- [+] Container: /Game/FirstPerson/Maps/FirstPersonMap
 |   |- [+] ActorDescs:
 |   |   |- Guid:08C1DC3A4AD6ECC3529D3BAD7C1EF907 BaseClass: NativeClass:/Script/NavigationSystem.NavMeshBoundsVolume Name:NavMeshBoundsVolume_UAID_C87F546CC1FCDCCD01_1381053361 Label:NavMeshBoundsVolume SpatiallyLoaded:0 Bounds:IsValid=true, Min=(X=-125.000 Y=-41.000 Z=-100.000), Max=(X=3175.000 Y=3359.000 Z=100.000) RuntimeGrid:None EditorOnly:0 RuntimeOnly:0 HLODRelevant:0
 |   |   |- Guid:1F6E80404B9FF323A50A7290FA88F16D BaseClass: NativeClass:/Script/Engine.StaticMeshActor Name:StaticMeshActor_UAID_C87F546CC22F9BCD01_1539607920 Label:SM_ChamferCube6 SpatiallyLoaded:1 Bounds:IsValid=true, Min=(X=1517.797 Y=434.154 Z=-0.000), Max=(X=1617.797 Y=534.154 Z=100.000) RuntimeGrid:None EditorOnly:0 RuntimeOnly:0 HLODRelevant:1
 |   |   |- Guid:25265BBA4470AF248E3BB782692261CD BaseClass: NativeClass:/Script/NavigationSystem.RecastNavMesh Name:RecastNavMesh_UAID_C87F546CC1FCDBCD01-Default Label:RecastNavMesh-Default SpatiallyLoaded:0 Bounds:IsValid=true, Min=(X=0.000 Y=0.000 Z=0.000), Max=(X=0.000 Y=0.000 Z=0.000) RuntimeGrid:None EditorOnly:0 RuntimeOnly:0 HLODRelevant:0
 |   |   |- Guid:3ED4DD9A4AEF0EE4AF390596B361E72F BaseClass:/Game/Eddies_Stuff/blue.blue_C NativeClass:/Script/Engine.Actor Name:blue_C_UAID_C87F546CC1FCA4CD01_1085661512 Label:blue2 SpatiallyLoaded:1 Bounds:IsValid=true, Min=(X=1142.773 Y=525.773 Z=11.773), Max=(X=1213.227 Y=596.227 Z=82.227) RuntimeGrid:None EditorOnly:0 RuntimeOnly:0 HLODRelevant:0
 |   |   |- Guid:5FE7584649BB6F09265329A6C57CFD0D BaseClass: NativeClass:/Script/Engine.VolumetricCloud Name:VolumetricCloud_0 Label:VolumetricCloud SpatiallyLoaded:0 Bounds:IsValid=true, Min=(X=0.000 Y=0.000 Z=820.000), Max=(X=0.000 Y=0.000 Z=820.000) RuntimeGrid:None EditorOnly:0 RuntimeOnly:0 HLODRelevant:0 FolderPath:Lighting FolderGuid:0BA5F0A04EADB18E70D5B180D08FA34B
 |   |   |- Guid:61391D344900612A77DFC3BA3E354907 BaseClass: NativeClass:/Script/Engine.ExponentialHeightFog Name:ExponentialHeightFog_0 Label:ExponentialHeightFog SpatiallyLoaded:0 Bounds:IsValid=true, Min=(X=-5600.000 Y=-50.000 Z=-6850.000), Max=(X=-5600.000 Y=-50.000 Z=-6850.000) RuntimeGrid:None EditorOnly:0 RuntimeOnly:0 HLODRelevant:0 FolderPath:Lighting FolderGuid:0BA5F0A04EADB18E70D5B180D08FA34B
 |   |   |- Guid:6CA1B33E4ECDB3CD2DF2AC9C46E68465 BaseClass:/Game/Eddies_Stuff/BP_Counter.BP_Counter_C NativeClass:/Script/Engine.Actor Name:BP_Counter_C_UAID_C87F546CC1FCDCCD01_1353848359 Label:BP_Counter SpatiallyLoaded:1 Bounds:IsValid=true, Min=(X=1162.000 Y=1315.000 Z=-73.000), Max=(X=2352.000 Y=1985.000 Z=137.000) RuntimeGrid:None EditorOnly:0 RuntimeOnly:0 HLODRelevant:0
 |   |   |- Guid:6FC486B84C7944EECF0C129EF652140B BaseClass:/Game/FirstPerson/Blueprints/BP_ball.BP_ball_C NativeClass:/Script/Engine.Actor Name:BP_ball_C_UAID_C87F546CC22FEFCD01_2109660704 Label:BP_ball2 SpatiallyLoaded:1 Bounds:IsValid=true, Min=(X=1228.000 Y=658.000 Z=-3.250), Max=(X=1292.000 Y=722.000 Z=83.250) RuntimeGrid:None EditorOnly:0 RuntimeOnly:0 HLODRelevant:0
 |   |   |- Guid:6FEFB3BD4EB37B849EF0D4AC80F83855 BaseClass: NativeClass:/Script/Engine.WorldDataLayers Name:WorldDataLayers Label:WorldDataLayers SpatiallyLoaded:0 Bounds:IsValid=true, Min=(X=0.000 Y=0.000 Z=0.000), Max=(X=0.000 Y=0.000 Z=0.000) RuntimeGrid:None EditorOnly:0 RuntimeOnly:0 HLODRelevant:0
 |   |   |- Guid:78CAF7514C7533F30BD2F19A017AAB65 BaseClass: NativeClass:/Script/Engine.StaticMeshActor Name:StaticMeshActor_0 Label:SM_Cube SpatiallyLoaded:1 Bounds:IsValid=true, Min=(X=0.000 Y=0.000 Z=-50.000), Max=(X=3000.000 Y=3500.000 Z=0.000) RuntimeGrid:None EditorOnly:0 RuntimeOnly:0 HLODRelevant:1 FolderPath:Playground FolderGuid:6C02BB504B69D1F3D7A624B130C18E5B
 |   |   |- Guid:79D6210C461FD9FDAFFE348F62E58AD0 BaseClass:/Game/FirstPerson/Blueprints/BP_ball.BP_ball_C NativeClass:/Script/Engine.Actor Name:BP_ball_C_UAID_C87F546CC22FEFCD01_2112332705 Label:BP_ball3 SpatiallyLoaded:1 Bounds:IsValid=true, Min=(X=1018.000 Y=688.000 Z=-3.250), Max=(X=1082.000 Y=752.000 Z=83.250) RuntimeGrid:None EditorOnly:0 RuntimeOnly:0 HLODRelevant:0
 |   |   |- Guid:869EA3564B0591242A3287A69729CF4D BaseClass:/Game/Eddies_Stuff/BP_CustomerSpawn.BP_CustomerSpawn_C NativeClass:/Script/Engine.Actor Name:BP_CustomerSpawn_C_UAID_C87F546CC1FCE0CD01_2119898063 Label:BP_CustomerSpawn SpatiallyLoaded:1 Bounds:IsValid=true, Min=(X=2645.639 Y=730.128 Z=-80.000), Max=(X=2884.086 Y=1094.086 Z=80.000) RuntimeGrid:None EditorOnly:0 RuntimeOnly:0 HLODRelevant:0
 |   |   |- Guid:996823A54855C2CAB166369FC57C42FB BaseClass: NativeClass:/Script/NavigationSystem.RecastNavMesh Name:RecastNavMesh_UAID_C87F546CC1FCDCCD01-Default Label:RecastNavMesh-Default SpatiallyLoaded:0 Bounds:IsValid=true, Min=(X=0.000 Y=0.000 Z=0.000), Max=(X=0.000 Y=0.000 Z=0.000) RuntimeGrid:None EditorOnly:0 RuntimeOnly:0 HLODRelevant:0
 |   |   |- Guid:A0B552374542C3D29DDD9B94353933D0 BaseClass:/Game/Eddies_Stuff/blue.blue_C NativeClass:/Script/Engine.Actor Name:blue_C_UAID_C87F546CC1FCA4CD01_1079062511 Label:blue SpatiallyLoaded:1 Bounds:IsValid=true, Min=(X=896.773 Y=391.773 Z=11.773), Max=(X=967.227 Y=462.227 Z=82.227) RuntimeGrid:None EditorOnly:0 RuntimeOnly:0 HLODRelevant:0
 |   |   |- Guid:A354B1B24E617A525DC6B48CCDE2417E BaseClass: NativeClass:/Script/Engine.PlayerStart Name:PlayerStart_0 Label:PlayerStart SpatiallyLoaded:0 Bounds:IsValid=true, Min=(X=860.000 Y=810.000 Z=0.013), Max=(X=940.000 Y=890.000 Z=184.013) RuntimeGrid:None EditorOnly:0 RuntimeOnly:0 HLODRelevant:0
 |   |   |- Guid:B58BDDB944E49C6CCD7C82A067817FE1 BaseClass:/Game/Eddies_Stuff/bp_front_door.bp_front_door_C NativeClass:/Script/Engine.Actor Name:bp_front_door_C_UAID_C87F546CC1FCE9CD01_1290284647 Label:bp_front_door SpatiallyLoaded:1 Bounds:IsValid=true, Min=(X=90.000 Y=2280.000 Z=-60.000), Max=(X=470.000 Y=2460.000 Z=100.000) RuntimeGrid:None EditorOnly:0 RuntimeOnly:0 HLODRelevant:0
 |   |   |- Guid:BDBCCE0348B13CC09084EA8AEC149BC5 BaseClass:/Game/FirstPerson/Blueprints/BP_ball.BP_ball_C NativeClass:/Script/Engine.Actor Name:BP_ball_C_UAID_C87F546CC22F9FCD01_1309353623 Label:BP_ball SpatiallyLoaded:1 Bounds:IsValid=true, Min=(X=1413.182 Y=1066.525 Z=7.028), Max=(X=1477.182 Y=1130.525 Z=93.528) RuntimeGrid:None EditorOnly:0 RuntimeOnly:0 HLODRelevant:0
 |   |   |- Guid:C0C56B9644AE3D40CAFF6A878DB29844 BaseClass: NativeClass:/Script/Engine.StaticMeshActor Name:StaticMeshActor_UAID_A4AE111137DC5EFB00_2001720423 Label:SM_SkySphere SpatiallyLoaded:0 Bounds:IsValid=true, Min=(X=-1638400.000 Y=-1638400.000 Z=-1638400.000), Max=(X=1638400.000 Y=1638400.000 Z=1638400.000) RuntimeGrid:None EditorOnly:0 RuntimeOnly:0 HLODRelevant:1 FolderPath:Lighting FolderGuid:0BA5F0A04EADB18E70D5B180D08FA34B
 |   |   |- Guid:C22CE07C4B87D685137FDBBC10FC92C6 BaseClass: NativeClass:/Script/Engine.SkyAtmosphere Name:SkyAtmosphere_0 Label:SkyAtmosphere SpatiallyLoaded:0 Bounds:IsValid=true, Min=(X=0.000 Y=0.000 Z=1020.000), Max=(X=0.000 Y=0.000 Z=1020.000) RuntimeGrid:None EditorOnly:0 RuntimeOnly:0 HLODRelevant:0 FolderPath:Lighting FolderGuid:0BA5F0A04EADB18E70D5B180D08FA34B
 |   |   |- Guid:CE8D82634660FCDB3120E2B8D547C533 BaseClass: NativeClass:/Script/Engine.PostProcessVolume Name:PostProcessVolume_0 Label:PostProcessVolume SpatiallyLoaded:0 Bounds:IsValid=true, Min=(X=0.000 Y=0.000 Z=400.000), Max=(X=200.000 Y=200.000 Z=600.000) RuntimeGrid:None EditorOnly:0 RuntimeOnly:0 HLODRelevant:0 FolderPath:Lighting FolderGuid:0BA5F0A04EADB18E70D5B180D08FA34B
 |   |   |- Guid:DFB18D844B2C9E1AB828ED8AB65F6E33 BaseClass: NativeClass:/Script/NavigationSystem.NavMeshBoundsVolume Name:NavMeshBoundsVolume_UAID_C87F546CC1FCDBCD01_1972532183 Label:NavMeshBoundsVolume SpatiallyLoaded:0 Bounds:IsValid=true, Min=(X=-100.000 Y=-100.000 Z=-100.000), Max=(X=100.000 Y=100.000 Z=100.000) RuntimeGrid:None EditorOnly:0 RuntimeOnly:0 HLODRelevant:0
 |   |   |- Guid:E25412274DBE5A5AC9FE139FFBE5E209 BaseClass:/Game/FirstPerson/Blueprints/BP_FirstPersonProjectile.BP_FirstPersonProjectile_C NativeClass:/Script/Engine.Actor Name:BP_FirstPersonProjectile_C_UAID_C87F546CC22FA4CD01_1584938504 Label:BP_FirstPersonProjectile SpatiallyLoaded:1 Bounds:IsValid=true, Min=(X=1404.000 Y=1034.000 Z=14.000), Max=(X=1436.000 Y=1066.000 Z=46.000) RuntimeGrid:None EditorOnly:0 RuntimeOnly:0 HLODRelevant:0
 |   |   |- Guid:E5320C1B4FD9764CE7B54D8487AEC613 BaseClass: NativeClass:/Script/Engine.SkyLight Name:SkyLight_0 Label:SkyLight SpatiallyLoaded:0 Bounds:IsValid=true, Min=(X=0.000 Y=0.000 Z=690.000), Max=(X=0.000 Y=0.000 Z=690.000) RuntimeGrid:None EditorOnly:0 RuntimeOnly:0 HLODRelevant:0 FolderPath:Lighting FolderGuid:0BA5F0A04EADB18E70D5B180D08FA34B
 |   |   |- Guid:F80621C9446867154938FE81375207DA BaseClass: NativeClass:/Script/Engine.DirectionalLight Name:DirectionalLight_1 Label:DirectionalLight SpatiallyLoaded:0 Bounds:IsValid=true, Min=(X=-1048576.000 Y=-1048576.000 Z=-1048576.000), Max=(X=1048576.000 Y=1048576.000 Z=1048576.000) RuntimeGrid:None EditorOnly:0 RuntimeOnly:0 HLODRelevant:0 FolderPath:Lighting FolderGuid:0BA5F0A04EADB18E70D5B180D08FA34B
 |   |- [+] Clusters:
 |   |   |- [+] [  0]
 |   |   |   |- Guid:61391D344900612A77DFC3BA3E354907 BaseClass: NativeClass:/Script/Engine.ExponentialHeightFog Name:ExponentialHeightFog_0 Label:ExponentialHeightFog SpatiallyLoaded:0 Bounds:IsValid=true, Min=(X=-5600.000 Y=-50.000 Z=-6850.000), Max=(X=-5600.000 Y=-50.000 Z=-6850.000) RuntimeGrid:None EditorOnly:0 RuntimeOnly:0 HLODRelevant:0 FolderPath:Lighting FolderGuid:0BA5F0A04EADB18E70D5B180D08FA34B
 |   |   |- [+] [  1]
 |   |   |   |- Guid:E25412274DBE5A5AC9FE139FFBE5E209 BaseClass:/Game/FirstPerson/Blueprints/BP_FirstPersonProjectile.BP_FirstPersonProjectile_C NativeClass:/Script/Engine.Actor Name:BP_FirstPersonProjectile_C_UAID_C87F546CC22FA4CD01_1584938504 Label:BP_FirstPersonProjectile SpatiallyLoaded:1 Bounds:IsValid=true, Min=(X=1404.000 Y=1034.000 Z=14.000), Max=(X=1436.000 Y=1066.000 Z=46.000) RuntimeGrid:None EditorOnly:0 RuntimeOnly:0 HLODRelevant:0
 |   |   |- [+] [  2]
 |   |   |   |- Guid:DFB18D844B2C9E1AB828ED8AB65F6E33 BaseClass: NativeClass:/Script/NavigationSystem.NavMeshBoundsVolume Name:NavMeshBoundsVolume_UAID_C87F546CC1FCDBCD01_1972532183 Label:NavMeshBoundsVolume SpatiallyLoaded:0 Bounds:IsValid=true, Min=(X=-100.000 Y=-100.000 Z=-100.000), Max=(X=100.000 Y=100.000 Z=100.000) RuntimeGrid:None EditorOnly:0 RuntimeOnly:0 HLODRelevant:0
 |   |   |- [+] [  3]
 |   |   |   |- Guid:5FE7584649BB6F09265329A6C57CFD0D BaseClass: NativeClass:/Script/Engine.VolumetricCloud Name:VolumetricCloud_0 Label:VolumetricCloud SpatiallyLoaded:0 Bounds:IsValid=true, Min=(X=0.000 Y=0.000 Z=820.000), Max=(X=0.000 Y=0.000 Z=820.000) RuntimeGrid:None EditorOnly:0 RuntimeOnly:0 HLODRelevant:0 FolderPath:Lighting FolderGuid:0BA5F0A04EADB18E70D5B180D08FA34B
 |   |   |- [+] [  4]
 |   |   |   |- Guid:F80621C9446867154938FE81375207DA BaseClass: NativeClass:/Script/Engine.DirectionalLight Name:DirectionalLight_1 Label:DirectionalLight SpatiallyLoaded:0 Bounds:IsValid=true, Min=(X=-1048576.000 Y=-1048576.000 Z=-1048576.000), Max=(X=1048576.000 Y=1048576.000 Z=1048576.000) RuntimeGrid:None EditorOnly:0 RuntimeOnly:0 HLODRelevant:0 FolderPath:Lighting FolderGuid:0BA5F0A04EADB18E70D5B180D08FA34B
 |   |   |- [+] [  5]
 |   |   |   |- Guid:6CA1B33E4ECDB3CD2DF2AC9C46E68465 BaseClass:/Game/Eddies_Stuff/BP_Counter.BP_Counter_C NativeClass:/Script/Engine.Actor Name:BP_Counter_C_UAID_C87F546CC1FCDCCD01_1353848359 Label:BP_Counter SpatiallyLoaded:1 Bounds:IsValid=true, Min=(X=1162.000 Y=1315.000 Z=-73.000), Max=(X=2352.000 Y=1985.000 Z=137.000) RuntimeGrid:None EditorOnly:0 RuntimeOnly:0 HLODRelevant:0
 |   |   |   |- Guid:869EA3564B0591242A3287A69729CF4D BaseClass:/Game/Eddies_Stuff/BP_CustomerSpawn.BP_CustomerSpawn_C NativeClass:/Script/Engine.Actor Name:BP_CustomerSpawn_C_UAID_C87F546CC1FCE0CD01_2119898063 Label:BP_CustomerSpawn SpatiallyLoaded:1 Bounds:IsValid=true, Min=(X=2645.639 Y=730.128 Z=-80.000), Max=(X=2884.086 Y=1094.086 Z=80.000) RuntimeGrid:None EditorOnly:0 RuntimeOnly:0 HLODRelevant:0
 |   |   |- [+] [  6]
 |   |   |   |- Guid:25265BBA4470AF248E3BB782692261CD BaseClass: NativeClass:/Script/NavigationSystem.RecastNavMesh Name:RecastNavMesh_UAID_C87F546CC1FCDBCD01-Default Label:RecastNavMesh-Default SpatiallyLoaded:0 Bounds:IsValid=true, Min=(X=0.000 Y=0.000 Z=0.000), Max=(X=0.000 Y=0.000 Z=0.000) RuntimeGrid:None EditorOnly:0 RuntimeOnly:0 HLODRelevant:0
 |   |   |- [+] [  7]
 |   |   |   |- Guid:B58BDDB944E49C6CCD7C82A067817FE1 BaseClass:/Game/Eddies_Stuff/bp_front_door.bp_front_door_C NativeClass:/Script/Engine.Actor Name:bp_front_door_C_UAID_C87F546CC1FCE9CD01_1290284647 Label:bp_front_door SpatiallyLoaded:1 Bounds:IsValid=true, Min=(X=90.000 Y=2280.000 Z=-60.000), Max=(X=470.000 Y=2460.000 Z=100.000) RuntimeGrid:None EditorOnly:0 RuntimeOnly:0 HLODRelevant:0
 |   |   |- [+] [  8]
 |   |   |   |- Guid:1F6E80404B9FF323A50A7290FA88F16D BaseClass: NativeClass:/Script/Engine.StaticMeshActor Name:StaticMeshActor_UAID_C87F546CC22F9BCD01_1539607920 Label:SM_ChamferCube6 SpatiallyLoaded:1 Bounds:IsValid=true, Min=(X=1517.797 Y=434.154 Z=-0.000), Max=(X=1617.797 Y=534.154 Z=100.000) RuntimeGrid:None EditorOnly:0 RuntimeOnly:0 HLODRelevant:1
 |   |   |- [+] [  9]
 |   |   |   |- Guid:6FC486B84C7944EECF0C129EF652140B BaseClass:/Game/FirstPerson/Blueprints/BP_ball.BP_ball_C NativeClass:/Script/Engine.Actor Name:BP_ball_C_UAID_C87F546CC22FEFCD01_2109660704 Label:BP_ball2 SpatiallyLoaded:1 Bounds:IsValid=true, Min=(X=1228.000 Y=658.000 Z=-3.250), Max=(X=1292.000 Y=722.000 Z=83.250) RuntimeGrid:None EditorOnly:0 RuntimeOnly:0 HLODRelevant:0
 |   |   |- [+] [ 10]
 |   |   |   |- Guid:A0B552374542C3D29DDD9B94353933D0 BaseClass:/Game/Eddies_Stuff/blue.blue_C NativeClass:/Script/Engine.Actor Name:blue_C_UAID_C87F546CC1FCA4CD01_1079062511 Label:blue SpatiallyLoaded:1 Bounds:IsValid=true, Min=(X=896.773 Y=391.773 Z=11.773), Max=(X=967.227 Y=462.227 Z=82.227) RuntimeGrid:None EditorOnly:0 RuntimeOnly:0 HLODRelevant:0
 |   |   |- [+] [ 11]
 |   |   |   |- Guid:3ED4DD9A4AEF0EE4AF390596B361E72F BaseClass:/Game/Eddies_Stuff/blue.blue_C NativeClass:/Script/Engine.Actor Name:blue_C_UAID_C87F546CC1FCA4CD01_1085661512 Label:blue2 SpatiallyLoaded:1 Bounds:IsValid=true, Min=(X=1142.773 Y=525.773 Z=11.773), Max=(X=1213.227 Y=596.227 Z=82.227) RuntimeGrid:None EditorOnly:0 RuntimeOnly:0 HLODRelevant:0
 |   |   |- [+] [ 12]
 |   |   |   |- Guid:E5320C1B4FD9764CE7B54D8487AEC613 BaseClass: NativeClass:/Script/Engine.SkyLight Name:SkyLight_0 Label:SkyLight SpatiallyLoaded:0 Bounds:IsValid=true, Min=(X=0.000 Y=0.000 Z=690.000), Max=(X=0.000 Y=0.000 Z=690.000) RuntimeGrid:None EditorOnly:0 RuntimeOnly:0 HLODRelevant:0 FolderPath:Lighting FolderGuid:0BA5F0A04EADB18E70D5B180D08FA34B
 |   |   |- [+] [ 13]
 |   |   |   |- Guid:78CAF7514C7533F30BD2F19A017AAB65 BaseClass: NativeClass:/Script/Engine.StaticMeshActor Name:StaticMeshActor_0 Label:SM_Cube SpatiallyLoaded:1 Bounds:IsValid=true, Min=(X=0.000 Y=0.000 Z=-50.000), Max=(X=3000.000 Y=3500.000 Z=0.000) RuntimeGrid:None EditorOnly:0 RuntimeOnly:0 HLODRelevant:1 FolderPath:Playground FolderGuid:6C02BB504B69D1F3D7A624B130C18E5B
 |   |   |- [+] [ 14]
 |   |   |   |- Guid:996823A54855C2CAB166369FC57C42FB BaseClass: NativeClass:/Script/NavigationSystem.RecastNavMesh Name:RecastNavMesh_UAID_C87F546CC1FCDCCD01-Default Label:RecastNavMesh-Default SpatiallyLoaded:0 Bounds:IsValid=true, Min=(X=0.000 Y=0.000 Z=0.000), Max=(X=0.000 Y=0.000 Z=0.000) RuntimeGrid:None EditorOnly:0 RuntimeOnly:0 HLODRelevant:0
 |   |   |- [+] [ 15]
 |   |   |   |- Guid:A354B1B24E617A525DC6B48CCDE2417E BaseClass: NativeClass:/Script/Engine.PlayerStart Name:PlayerStart_0 Label:PlayerStart SpatiallyLoaded:0 Bounds:IsValid=true, Min=(X=860.000 Y=810.000 Z=0.013), Max=(X=940.000 Y=890.000 Z=184.013) RuntimeGrid:None EditorOnly:0 RuntimeOnly:0 HLODRelevant:0
 |   |   |- [+] [ 16]
 |   |   |   |- Guid:BDBCCE0348B13CC09084EA8AEC149BC5 BaseClass:/Game/FirstPerson/Blueprints/BP_ball.BP_ball_C NativeClass:/Script/Engine.Actor Name:BP_ball_C_UAID_C87F546CC22F9FCD01_1309353623 Label:BP_ball SpatiallyLoaded:1 Bounds:IsValid=true, Min=(X=1413.182 Y=1066.525 Z=7.028), Max=(X=1477.182 Y=1130.525 Z=93.528) RuntimeGrid:None EditorOnly:0 RuntimeOnly:0 HLODRelevant:0
 |   |   |- [+] [ 17]
 |   |   |   |- Guid:C22CE07C4B87D685137FDBBC10FC92C6 BaseClass: NativeClass:/Script/Engine.SkyAtmosphere Name:SkyAtmosphere_0 Label:SkyAtmosphere SpatiallyLoaded:0 Bounds:IsValid=true, Min=(X=0.000 Y=0.000 Z=1020.000), Max=(X=0.000 Y=0.000 Z=1020.000) RuntimeGrid:None EditorOnly:0 RuntimeOnly:0 HLODRelevant:0 FolderPath:Lighting FolderGuid:0BA5F0A04EADB18E70D5B180D08FA34B
 |   |   |- [+] [ 18]
 |   |   |   |- Guid:C0C56B9644AE3D40CAFF6A878DB29844 BaseClass: NativeClass:/Script/Engine.StaticMeshActor Name:StaticMeshActor_UAID_A4AE111137DC5EFB00_2001720423 Label:SM_SkySphere SpatiallyLoaded:0 Bounds:IsValid=true, Min=(X=-1638400.000 Y=-1638400.000 Z=-1638400.000), Max=(X=1638400.000 Y=1638400.000 Z=1638400.000) RuntimeGrid:None EditorOnly:0 RuntimeOnly:0 HLODRelevant:1 FolderPath:Lighting FolderGuid:0BA5F0A04EADB18E70D5B180D08FA34B
 |   |   |- [+] [ 19]
 |   |   |   |- Guid:6FEFB3BD4EB37B849EF0D4AC80F83855 BaseClass: NativeClass:/Script/Engine.WorldDataLayers Name:WorldDataLayers Label:WorldDataLayers SpatiallyLoaded:0 Bounds:IsValid=true, Min=(X=0.000 Y=0.000 Z=0.000), Max=(X=0.000 Y=0.000 Z=0.000) RuntimeGrid:None EditorOnly:0 RuntimeOnly:0 HLODRelevant:0
 |   |   |- [+] [ 20]
 |   |   |   |- Guid:79D6210C461FD9FDAFFE348F62E58AD0 BaseClass:/Game/FirstPerson/Blueprints/BP_ball.BP_ball_C NativeClass:/Script/Engine.Actor Name:BP_ball_C_UAID_C87F546CC22FEFCD01_2112332705 Label:BP_ball3 SpatiallyLoaded:1 Bounds:IsValid=true, Min=(X=1018.000 Y=688.000 Z=-3.250), Max=(X=1082.000 Y=752.000 Z=83.250) RuntimeGrid:None EditorOnly:0 RuntimeOnly:0 HLODRelevant:0
 |   |   |- [+] [ 21]
 |   |   |   |- Guid:CE8D82634660FCDB3120E2B8D547C533 BaseClass: NativeClass:/Script/Engine.PostProcessVolume Name:PostProcessVolume_0 Label:PostProcessVolume SpatiallyLoaded:0 Bounds:IsValid=true, Min=(X=0.000 Y=0.000 Z=400.000), Max=(X=200.000 Y=200.000 Z=600.000) RuntimeGrid:None EditorOnly:0 RuntimeOnly:0 HLODRelevant:0 FolderPath:Lighting FolderGuid:0BA5F0A04EADB18E70D5B180D08FA34B
 |   |   |- [+] [ 22]
 |   |   |   |- Guid:08C1DC3A4AD6ECC3529D3BAD7C1EF907 BaseClass: NativeClass:/Script/NavigationSystem.NavMeshBoundsVolume Name:NavMeshBoundsVolume_UAID_C87F546CC1FCDCCD01_1381053361 Label:NavMeshBoundsVolume SpatiallyLoaded:0 Bounds:IsValid=true, Min=(X=-125.000 Y=-41.000 Z=-100.000), Max=(X=3175.000 Y=3359.000 Z=100.000) RuntimeGrid:None EditorOnly:0 RuntimeOnly:0 HLODRelevant:0
 |- ContainerInstances:
 |- [+] MainContainer:
 |   |-        ID: 0x0000000000000000
 |   |-    Bounds: IsValid=false, Min=(X=0.000 Y=0.000 Z=0.000), Max=(X=0.000 Y=0.000 Z=0.000)
 |   |- Transform: 0.000000,0.000000,0.000000|0.000000,0.000000,-0.000000|1.000000,1.000000,1.000000
 |   |- Container: /Game/FirstPerson/Maps/FirstPersonMap
----------------------------------------------------------------------------------------------------------------
FirstPersonMap - Persistent Level
----------------------------------------------------------------------------------------------------------------
Always loaded Actor Count: 38 

----------------------------------------------------------------------------------------------------------------
FirstPersonMap - Runtime Spatial Hash - Streaming Grid - MainGrid
----------------------------------------------------------------------------------------------------------------
            Origin: X=0.000 Y=0.000 Z=0.000
         Cell Size: 12800
      World Bounds: IsValid=false, Min=(X=0.000 Y=0.000 Z=0.000), Max=(X=0.000 Y=0.000 Z=0.000)
     Loading Range: 25600.00
Block Slow Loading: No
 ClientOnlyVisible: No

[+] Grid Levels: 1
 |- Level  0: Cell Count    0 | Cell Size   12800 | Actor Count    0 (0.0%)

[+] Content of Grid Level 0

