[+] Containers:
 |- [+] Container: /Game/FirstPerson/Maps/FirstPersonMap
 |   |- [+] ActorDescs:
 |   |   |- Guid:08C1DC3A4AD6ECC3529D3BAD7C1EF907 BaseClass: NativeClass:/Script/NavigationSystem.NavMeshBoundsVolume Name:NavMeshBoundsVolume_UAID_C87F546CC1FCDCCD01_1381053361 Label:NavMeshBoundsVolume SpatiallyLoaded:0 Bounds:IsValid=true, Min=(X=-125.000 Y=-41.000 Z=-100.000), Max=(X=3175.000 Y=3359.000 Z=100.000) RuntimeGrid:None EditorOnly:0 RuntimeOnly:0 HLODRelevant:0
 |   |   |- Guid:25265BBA4470AF248E3BB782692261CD BaseClass: NativeClass:/Script/NavigationSystem.RecastNavMesh Name:RecastNavMesh_UAID_C87F546CC1FCDBCD01-Default Label:RecastNavMesh-Default SpatiallyLoaded:0 Bounds:IsValid=true, Min=(X=0.000 Y=0.000 Z=0.000), Max=(X=0.000 Y=0.000 Z=0.000) RuntimeGrid:None EditorOnly:0 RuntimeOnly:0 HLODRelevant:0
 |   |   |- Guid:4CA3C01946FF6C0CE1215B818E5F9EBF BaseClass: NativeClass:/Script/Engine.TriggerBox Name:TriggerBox_UAID_C87F546CC22F93CE01_1278306567 Label:TriggerBox2 SpatiallyLoaded:1 Bounds:IsValid=true, Min=(X=1700.000 Y=320.000 Z=5.000), Max=(X=1780.000 Y=400.000 Z=85.000) RuntimeGrid:None EditorOnly:0 RuntimeOnly:0 HLODRelevant:0
 |   |   |- Guid:5FE7584649BB6F09265329A6C57CFD0D BaseClass: NativeClass:/Script/Engine.VolumetricCloud Name:VolumetricCloud_0 Label:VolumetricCloud SpatiallyLoaded:0 Bounds:IsValid=true, Min=(X=0.000 Y=0.000 Z=820.000), Max=(X=0.000 Y=0.000 Z=820.000) RuntimeGrid:None EditorOnly:0 RuntimeOnly:0 HLODRelevant:0 FolderPath:Lighting FolderGuid:0BA5F0A04EADB18E70D5B180D08FA34B
 |   |   |- Guid:61391D344900612A77DFC3BA3E354907 BaseClass: NativeClass:/Script/Engine.ExponentialHeightFog Name:ExponentialHeightFog_0 Label:ExponentialHeightFog SpatiallyLoaded:0 Bounds:IsValid=true, Min=(X=-5600.000 Y=-50.000 Z=-6850.000), Max=(X=-5600.000 Y=-50.000 Z=-6850.000) RuntimeGrid:None EditorOnly:0 RuntimeOnly:0 HLODRelevant:0 FolderPath:Lighting FolderGuid:0BA5F0A04EADB18E70D5B180D08FA34B
 |   |   |- Guid:6FEFB3BD4EB37B849EF0D4AC80F83855 BaseClass: NativeClass:/Script/Engine.WorldDataLayers Name:WorldDataLayers Label:WorldDataLayers SpatiallyLoaded:0 Bounds:IsValid=true, Min=(X=0.000 Y=0.000 Z=0.000), Max=(X=0.000 Y=0.000 Z=0.000) RuntimeGrid:None EditorOnly:0 RuntimeOnly:0 HLODRelevant:0
 |   |   |- Guid:7533E73C474780BA5813FE9DC918CC4A BaseClass:/Game/Eddies_Stuff/BP_Lift.BP_Lift_C NativeClass:/Script/Engine.Actor Name:BP_Lift_C_UAID_C87F546CC1FC3DCE01_1488960431 Label:BP_Lift SpatiallyLoaded:1 Bounds:IsValid=true, Min=(X=602.095 Y=782.223 Z=-73.618), Max=(X=1506.047 Y=1306.640 Z=83.618) RuntimeGrid:None EditorOnly:0 RuntimeOnly:0 HLODRelevant:0
 |   |   |- Guid:78CAF7514C7533F30BD2F19A017AAB65 BaseClass: NativeClass:/Script/Engine.StaticMeshActor Name:StaticMeshActor_0 Label:SM_Cube SpatiallyLoaded:1 Bounds:IsValid=true, Min=(X=-310.000 Y=-235.000 Z=-50.000), Max=(X=2365.000 Y=2940.000 Z=0.000) RuntimeGrid:None EditorOnly:0 RuntimeOnly:0 HLODRelevant:1 FolderPath:Playground FolderGuid:6C02BB504B69D1F3D7A624B130C18E5B
 |   |   |- Guid:83087A1246378D8ECA273699FEE46499 BaseClass: NativeClass:/Script/Engine.StaticMeshActor Name:StaticMeshActor_UAID_C87F546CC22F93CE01_1315085568 Label:SM_ChamferCube SpatiallyLoaded:1 Bounds:IsValid=true, Min=(X=1722.125 Y=337.125 Z=2.125), Max=(X=1767.875 Y=382.875 Z=47.875) RuntimeGrid:None EditorOnly:0 RuntimeOnly:0 HLODRelevant:1
 |   |   |- Guid:88BC5F9F48F0DD4C4B9440B76C384AE8 BaseClass:/Game/MimiBuckler/BP_CustomerSimple.BP_CustomerSimple_C NativeClass:/Script/Engine.Actor Name:BP_CustomerSimple_C_UAID_088FC32A76B8A0CE01_1270857855 Label:BP_CustomerSimple SpatiallyLoaded:1 Bounds:IsValid=true, Min=(X=-37.574 Y=-428.156 Z=-2614.028), Max=(X=2564.409 Y=2508.624 Z=311.707) RuntimeGrid:None EditorOnly:0 RuntimeOnly:0 HLODRelevant:0
 |   |   |- Guid:996823A54855C2CAB166369FC57C42FB BaseClass: NativeClass:/Script/NavigationSystem.RecastNavMesh Name:RecastNavMesh_UAID_C87F546CC1FCDCCD01-Default Label:RecastNavMesh-Default SpatiallyLoaded:0 Bounds:IsValid=true, Min=(X=0.000 Y=0.000 Z=0.000), Max=(X=0.000 Y=0.000 Z=0.000) RuntimeGrid:None EditorOnly:0 RuntimeOnly:0 HLODRelevant:0
 |   |   |- Guid:9CAF49824D6F45648408A38B7C15815D BaseClass:/Game/Eddies_Stuff/BP_CamsShit.BP_CamsShit_C NativeClass:/Script/Engine.Actor Name:BP_CamsShit_C_UAID_088FC32A76B87ECE01_2101981872 Label:BP_CamsShit SpatiallyLoaded:1 Bounds:IsValid=true, Min=(X=833.962 Y=2216.554 Z=33.560), Max=(X=1223.414 Y=2415.619 Z=116.440) RuntimeGrid:None EditorOnly:0 RuntimeOnly:0 HLODRelevant:0
 |   |   |- Guid:A354B1B24E617A525DC6B48CCDE2417E BaseClass: NativeClass:/Script/Engine.PlayerStart Name:PlayerStart_0 Label:PlayerStart SpatiallyLoaded:0 Bounds:IsValid=true, Min=(X=860.000 Y=810.000 Z=0.013), Max=(X=940.000 Y=890.000 Z=184.013) RuntimeGrid:None EditorOnly:0 RuntimeOnly:0 HLODRelevant:0
 |   |   |- Guid:A50DEDD84841013044AE09B1FBCD95C8 BaseClass: NativeClass:/Script/Engine.TriggerBox Name:TriggerBox_UAID_C87F546CC22F46CE01_1905823019 Label:TriggerBox SpatiallyLoaded:1 Bounds:IsValid=true, Min=(X=1239.838 Y=114.838 Z=-51.519), Max=(X=1300.162 Y=175.162 Z=221.519) RuntimeGrid:None EditorOnly:0 RuntimeOnly:0 HLODRelevant:0
 |   |   |- Guid:A970A6414B0C522D93922EBA467084B2 BaseClass:/Game/Eddies_Stuff/BP_WillyWanker.BP_WillyWanker_C NativeClass:/Script/Engine.Character Name:BP_WillyWanker_C_UAID_088FC32A76B88DCE01_1759113514 Label:BP_WillyWanker SpatiallyLoaded:1 Bounds:IsValid=true, Min=(X=1991.000 Y=41.000 Z=0.000), Max=(X=2067.601 Y=109.000 Z=176.000) RuntimeGrid:None EditorOnly:0 RuntimeOnly:0 HLODRelevant:0
 |   |   |- Guid:B937302D4B0F2991FD9DC6A94C4D9138 BaseClass:/Game/FirstPerson/Blueprints/BP_Bin.BP_Bin_C NativeClass:/Script/Engine.Actor Name:BP_Bin_C_UAID_C87F546CC22F93CE01_1511923569 Label:BP_Bin SpatiallyLoaded:1 Bounds:IsValid=true, Min=(X=1703.000 Y=318.000 Z=8.000), Max=(X=1767.000 Y=382.000 Z=72.000) RuntimeGrid:None EditorOnly:0 RuntimeOnly:0 HLODRelevant:0
 |   |   |- Guid:C0C56B9644AE3D40CAFF6A878DB29844 BaseClass: NativeClass:/Script/Engine.StaticMeshActor Name:StaticMeshActor_UAID_A4AE111137DC5EFB00_2001720423 Label:SM_SkySphere SpatiallyLoaded:0 Bounds:IsValid=true, Min=(X=-1638400.000 Y=-1638400.000 Z=-1638400.000), Max=(X=1638400.000 Y=1638400.000 Z=1638400.000) RuntimeGrid:None EditorOnly:0 RuntimeOnly:0 HLODRelevant:1 FolderPath:Lighting FolderGuid:0BA5F0A04EADB18E70D5B180D08FA34B
 |   |   |- Guid:C22CE07C4B87D685137FDBBC10FC92C6 BaseClass: NativeClass:/Script/Engine.SkyAtmosphere Name:SkyAtmosphere_0 Label:SkyAtmosphere SpatiallyLoaded:0 Bounds:IsValid=true, Min=(X=0.000 Y=0.000 Z=1020.000), Max=(X=0.000 Y=0.000 Z=1020.000) RuntimeGrid:None EditorOnly:0 RuntimeOnly:0 HLODRelevant:0 FolderPath:Lighting FolderGuid:0BA5F0A04EADB18E70D5B180D08FA34B
 |   |   |- Guid:CE8D82634660FCDB3120E2B8D547C533 BaseClass: NativeClass:/Script/Engine.PostProcessVolume Name:PostProcessVolume_0 Label:PostProcessVolume SpatiallyLoaded:0 Bounds:IsValid=true, Min=(X=0.000 Y=0.000 Z=400.000), Max=(X=200.000 Y=200.000 Z=600.000) RuntimeGrid:None EditorOnly:0 RuntimeOnly:0 HLODRelevant:0 FolderPath:Lighting FolderGuid:0BA5F0A04EADB18E70D5B180D08FA34B
 |   |   |- Guid:E5320C1B4FD9764CE7B54D8487AEC613 BaseClass: NativeClass:/Script/Engine.SkyLight Name:SkyLight_0 Label:SkyLight SpatiallyLoaded:0 Bounds:IsValid=true, Min=(X=0.000 Y=0.000 Z=690.000), Max=(X=0.000 Y=0.000 Z=690.000) RuntimeGrid:None EditorOnly:0 RuntimeOnly:0 HLODRelevant:0 FolderPath:Lighting FolderGuid:0BA5F0A04EADB18E70D5B180D08FA34B
 |   |   |- Guid:ECD9B6E142233A992EE63F8BEB31AD73 BaseClass:/Game/FirstPerson/Blueprints/Item_spawn.Item_spawn_C NativeClass:/Script/Engine.Actor Name:Item_spawn_C_UAID_C87F546CC22FF4CD01_1712692583 Label:Item_spawn SpatiallyLoaded:1 Bounds:IsValid=true, Min=(X=1218.000 Y=918.000 Z=-2.000), Max=(X=1282.000 Y=982.000 Z=62.000) RuntimeGrid:None EditorOnly:0 RuntimeOnly:0 HLODRelevant:0
 |   |   |- Guid:F80621C9446867154938FE81375207DA BaseClass: NativeClass:/Script/Engine.DirectionalLight Name:DirectionalLight_1 Label:DirectionalLight SpatiallyLoaded:0 Bounds:IsValid=true, Min=(X=-1048576.000 Y=-1048576.000 Z=-1048576.000), Max=(X=1048576.000 Y=1048576.000 Z=1048576.000) RuntimeGrid:None EditorOnly:0 RuntimeOnly:0 HLODRelevant:0 FolderPath:Lighting FolderGuid:0BA5F0A04EADB18E70D5B180D08FA34B
 |   |- [+] Clusters:
 |   |   |- [+] [  0]
 |   |   |   |- Guid:61391D344900612A77DFC3BA3E354907 BaseClass: NativeClass:/Script/Engine.ExponentialHeightFog Name:ExponentialHeightFog_0 Label:ExponentialHeightFog SpatiallyLoaded:0 Bounds:IsValid=true, Min=(X=-5600.000 Y=-50.000 Z=-6850.000), Max=(X=-5600.000 Y=-50.000 Z=-6850.000) RuntimeGrid:None EditorOnly:0 RuntimeOnly:0 HLODRelevant:0 FolderPath:Lighting FolderGuid:0BA5F0A04EADB18E70D5B180D08FA34B
 |   |   |- [+] [  1]
 |   |   |   |- Guid:A50DEDD84841013044AE09B1FBCD95C8 BaseClass: NativeClass:/Script/Engine.TriggerBox Name:TriggerBox_UAID_C87F546CC22F46CE01_1905823019 Label:TriggerBox SpatiallyLoaded:1 Bounds:IsValid=true, Min=(X=1239.838 Y=114.838 Z=-51.519), Max=(X=1300.162 Y=175.162 Z=221.519) RuntimeGrid:None EditorOnly:0 RuntimeOnly:0 HLODRelevant:0
 |   |   |- [+] [  2]
 |   |   |   |- Guid:5FE7584649BB6F09265329A6C57CFD0D BaseClass: NativeClass:/Script/Engine.VolumetricCloud Name:VolumetricCloud_0 Label:VolumetricCloud SpatiallyLoaded:0 Bounds:IsValid=true, Min=(X=0.000 Y=0.000 Z=820.000), Max=(X=0.000 Y=0.000 Z=820.000) RuntimeGrid:None EditorOnly:0 RuntimeOnly:0 HLODRelevant:0 FolderPath:Lighting FolderGuid:0BA5F0A04EADB18E70D5B180D08FA34B
 |   |   |- [+] [  3]
 |   |   |   |- Guid:F80621C9446867154938FE81375207DA BaseClass: NativeClass:/Script/Engine.DirectionalLight Name:DirectionalLight_1 Label:DirectionalLight SpatiallyLoaded:0 Bounds:IsValid=true, Min=(X=-1048576.000 Y=-1048576.000 Z=-1048576.000), Max=(X=1048576.000 Y=1048576.000 Z=1048576.000) RuntimeGrid:None EditorOnly:0 RuntimeOnly:0 HLODRelevant:0 FolderPath:Lighting FolderGuid:0BA5F0A04EADB18E70D5B180D08FA34B
 |   |   |- [+] [  4]
 |   |   |   |- Guid:25265BBA4470AF248E3BB782692261CD BaseClass: NativeClass:/Script/NavigationSystem.RecastNavMesh Name:RecastNavMesh_UAID_C87F546CC1FCDBCD01-Default Label:RecastNavMesh-Default SpatiallyLoaded:0 Bounds:IsValid=true, Min=(X=0.000 Y=0.000 Z=0.000), Max=(X=0.000 Y=0.000 Z=0.000) RuntimeGrid:None EditorOnly:0 RuntimeOnly:0 HLODRelevant:0
 |   |   |- [+] [  5]
 |   |   |   |- Guid:7533E73C474780BA5813FE9DC918CC4A BaseClass:/Game/Eddies_Stuff/BP_Lift.BP_Lift_C NativeClass:/Script/Engine.Actor Name:BP_Lift_C_UAID_C87F546CC1FC3DCE01_1488960431 Label:BP_Lift SpatiallyLoaded:1 Bounds:IsValid=true, Min=(X=602.095 Y=782.223 Z=-73.618), Max=(X=1506.047 Y=1306.640 Z=83.618) RuntimeGrid:None EditorOnly:0 RuntimeOnly:0 HLODRelevant:0
 |   |   |- [+] [  6]
 |   |   |   |- Guid:4CA3C01946FF6C0CE1215B818E5F9EBF BaseClass: NativeClass:/Script/Engine.TriggerBox Name:TriggerBox_UAID_C87F546CC22F93CE01_1278306567 Label:TriggerBox2 SpatiallyLoaded:1 Bounds:IsValid=true, Min=(X=1700.000 Y=320.000 Z=5.000), Max=(X=1780.000 Y=400.000 Z=85.000) RuntimeGrid:None EditorOnly:0 RuntimeOnly:0 HLODRelevant:0
 |   |   |- [+] [  7]
 |   |   |   |- Guid:83087A1246378D8ECA273699FEE46499 BaseClass: NativeClass:/Script/Engine.StaticMeshActor Name:StaticMeshActor_UAID_C87F546CC22F93CE01_1315085568 Label:SM_ChamferCube SpatiallyLoaded:1 Bounds:IsValid=true, Min=(X=1722.125 Y=337.125 Z=2.125), Max=(X=1767.875 Y=382.875 Z=47.875) RuntimeGrid:None EditorOnly:0 RuntimeOnly:0 HLODRelevant:1
 |   |   |- [+] [  8]
 |   |   |   |- Guid:E5320C1B4FD9764CE7B54D8487AEC613 BaseClass: NativeClass:/Script/Engine.SkyLight Name:SkyLight_0 Label:SkyLight SpatiallyLoaded:0 Bounds:IsValid=true, Min=(X=0.000 Y=0.000 Z=690.000), Max=(X=0.000 Y=0.000 Z=690.000) RuntimeGrid:None EditorOnly:0 RuntimeOnly:0 HLODRelevant:0 FolderPath:Lighting FolderGuid:0BA5F0A04EADB18E70D5B180D08FA34B
 |   |   |- [+] [  9]
 |   |   |   |- Guid:78CAF7514C7533F30BD2F19A017AAB65 BaseClass: NativeClass:/Script/Engine.StaticMeshActor Name:StaticMeshActor_0 Label:SM_Cube SpatiallyLoaded:1 Bounds:IsValid=true, Min=(X=-310.000 Y=-235.000 Z=-50.000), Max=(X=2365.000 Y=2940.000 Z=0.000) RuntimeGrid:None EditorOnly:0 RuntimeOnly:0 HLODRelevant:1 FolderPath:Playground FolderGuid:6C02BB504B69D1F3D7A624B130C18E5B
 |   |   |- [+] [ 10]
 |   |   |   |- Guid:996823A54855C2CAB166369FC57C42FB BaseClass: NativeClass:/Script/NavigationSystem.RecastNavMesh Name:RecastNavMesh_UAID_C87F546CC1FCDCCD01-Default Label:RecastNavMesh-Default SpatiallyLoaded:0 Bounds:IsValid=true, Min=(X=0.000 Y=0.000 Z=0.000), Max=(X=0.000 Y=0.000 Z=0.000) RuntimeGrid:None EditorOnly:0 RuntimeOnly:0 HLODRelevant:0
 |   |   |- [+] [ 11]
 |   |   |   |- Guid:9CAF49824D6F45648408A38B7C15815D BaseClass:/Game/Eddies_Stuff/BP_CamsShit.BP_CamsShit_C NativeClass:/Script/Engine.Actor Name:BP_CamsShit_C_UAID_088FC32A76B87ECE01_2101981872 Label:BP_CamsShit SpatiallyLoaded:1 Bounds:IsValid=true, Min=(X=833.962 Y=2216.554 Z=33.560), Max=(X=1223.414 Y=2415.619 Z=116.440) RuntimeGrid:None EditorOnly:0 RuntimeOnly:0 HLODRelevant:0
 |   |   |- [+] [ 12]
 |   |   |   |- Guid:88BC5F9F48F0DD4C4B9440B76C384AE8 BaseClass:/Game/MimiBuckler/BP_CustomerSimple.BP_CustomerSimple_C NativeClass:/Script/Engine.Actor Name:BP_CustomerSimple_C_UAID_088FC32A76B8A0CE01_1270857855 Label:BP_CustomerSimple SpatiallyLoaded:1 Bounds:IsValid=true, Min=(X=-37.574 Y=-428.156 Z=-2614.028), Max=(X=2564.409 Y=2508.624 Z=311.707) RuntimeGrid:None EditorOnly:0 RuntimeOnly:0 HLODRelevant:0
 |   |   |- [+] [ 13]
 |   |   |   |- Guid:A354B1B24E617A525DC6B48CCDE2417E BaseClass: NativeClass:/Script/Engine.PlayerStart Name:PlayerStart_0 Label:PlayerStart SpatiallyLoaded:0 Bounds:IsValid=true, Min=(X=860.000 Y=810.000 Z=0.013), Max=(X=940.000 Y=890.000 Z=184.013) RuntimeGrid:None EditorOnly:0 RuntimeOnly:0 HLODRelevant:0
 |   |   |- [+] [ 14]
 |   |   |   |- Guid:A970A6414B0C522D93922EBA467084B2 BaseClass:/Game/Eddies_Stuff/BP_WillyWanker.BP_WillyWanker_C NativeClass:/Script/Engine.Character Name:BP_WillyWanker_C_UAID_088FC32A76B88DCE01_1759113514 Label:BP_WillyWanker SpatiallyLoaded:1 Bounds:IsValid=true, Min=(X=1991.000 Y=41.000 Z=0.000), Max=(X=2067.601 Y=109.000 Z=176.000) RuntimeGrid:None EditorOnly:0 RuntimeOnly:0 HLODRelevant:0
 |   |   |- [+] [ 15]
 |   |   |   |- Guid:C22CE07C4B87D685137FDBBC10FC92C6 BaseClass: NativeClass:/Script/Engine.SkyAtmosphere Name:SkyAtmosphere_0 Label:SkyAtmosphere SpatiallyLoaded:0 Bounds:IsValid=true, Min=(X=0.000 Y=0.000 Z=1020.000), Max=(X=0.000 Y=0.000 Z=1020.000) RuntimeGrid:None EditorOnly:0 RuntimeOnly:0 HLODRelevant:0 FolderPath:Lighting FolderGuid:0BA5F0A04EADB18E70D5B180D08FA34B
 |   |   |- [+] [ 16]
 |   |   |   |- Guid:C0C56B9644AE3D40CAFF6A878DB29844 BaseClass: NativeClass:/Script/Engine.StaticMeshActor Name:StaticMeshActor_UAID_A4AE111137DC5EFB00_2001720423 Label:SM_SkySphere SpatiallyLoaded:0 Bounds:IsValid=true, Min=(X=-1638400.000 Y=-1638400.000 Z=-1638400.000), Max=(X=1638400.000 Y=1638400.000 Z=1638400.000) RuntimeGrid:None EditorOnly:0 RuntimeOnly:0 HLODRelevant:1 FolderPath:Lighting FolderGuid:0BA5F0A04EADB18E70D5B180D08FA34B
 |   |   |- [+] [ 17]
 |   |   |   |- Guid:6FEFB3BD4EB37B849EF0D4AC80F83855 BaseClass: NativeClass:/Script/Engine.WorldDataLayers Name:WorldDataLayers Label:WorldDataLayers SpatiallyLoaded:0 Bounds:IsValid=true, Min=(X=0.000 Y=0.000 Z=0.000), Max=(X=0.000 Y=0.000 Z=0.000) RuntimeGrid:None EditorOnly:0 RuntimeOnly:0 HLODRelevant:0
 |   |   |- [+] [ 18]
 |   |   |   |- Guid:B937302D4B0F2991FD9DC6A94C4D9138 BaseClass:/Game/FirstPerson/Blueprints/BP_Bin.BP_Bin_C NativeClass:/Script/Engine.Actor Name:BP_Bin_C_UAID_C87F546CC22F93CE01_1511923569 Label:BP_Bin SpatiallyLoaded:1 Bounds:IsValid=true, Min=(X=1703.000 Y=318.000 Z=8.000), Max=(X=1767.000 Y=382.000 Z=72.000) RuntimeGrid:None EditorOnly:0 RuntimeOnly:0 HLODRelevant:0
 |   |   |- [+] [ 19]
 |   |   |   |- Guid:ECD9B6E142233A992EE63F8BEB31AD73 BaseClass:/Game/FirstPerson/Blueprints/Item_spawn.Item_spawn_C NativeClass:/Script/Engine.Actor Name:Item_spawn_C_UAID_C87F546CC22FF4CD01_1712692583 Label:Item_spawn SpatiallyLoaded:1 Bounds:IsValid=true, Min=(X=1218.000 Y=918.000 Z=-2.000), Max=(X=1282.000 Y=982.000 Z=62.000) RuntimeGrid:None EditorOnly:0 RuntimeOnly:0 HLODRelevant:0
 |   |   |- [+] [ 20]
 |   |   |   |- Guid:CE8D82634660FCDB3120E2B8D547C533 BaseClass: NativeClass:/Script/Engine.PostProcessVolume Name:PostProcessVolume_0 Label:PostProcessVolume SpatiallyLoaded:0 Bounds:IsValid=true, Min=(X=0.000 Y=0.000 Z=400.000), Max=(X=200.000 Y=200.000 Z=600.000) RuntimeGrid:None EditorOnly:0 RuntimeOnly:0 HLODRelevant:0 FolderPath:Lighting FolderGuid:0BA5F0A04EADB18E70D5B180D08FA34B
 |   |   |- [+] [ 21]
 |   |   |   |- Guid:08C1DC3A4AD6ECC3529D3BAD7C1EF907 BaseClass: NativeClass:/Script/NavigationSystem.NavMeshBoundsVolume Name:NavMeshBoundsVolume_UAID_C87F546CC1FCDCCD01_1381053361 Label:NavMeshBoundsVolume SpatiallyLoaded:0 Bounds:IsValid=true, Min=(X=-125.000 Y=-41.000 Z=-100.000), Max=(X=3175.000 Y=3359.000 Z=100.000) RuntimeGrid:None EditorOnly:0 RuntimeOnly:0 HLODRelevant:0
 |- ContainerInstances:
 |- [+] MainContainer:
 |   |-        ID: 0x0000000000000000
 |   |-    Bounds: IsValid=false, Min=(X=0.000 Y=0.000 Z=0.000), Max=(X=0.000 Y=0.000 Z=0.000)
 |   |- Transform: 0.000000,0.000000,0.000000|0.000000,0.000000,-0.000000|1.000000,1.000000,1.000000
 |   |- Container: /Game/FirstPerson/Maps/FirstPersonMap
----------------------------------------------------------------------------------------------------------------
FirstPersonMap - Persistent Level
----------------------------------------------------------------------------------------------------------------
Always loaded Actor Count: 34 

----------------------------------------------------------------------------------------------------------------
FirstPersonMap - Runtime Spatial Hash - Streaming Grid - MainGrid
----------------------------------------------------------------------------------------------------------------
            Origin: X=0.000 Y=0.000 Z=0.000
         Cell Size: 12800
      World Bounds: IsValid=false, Min=(X=0.000 Y=0.000 Z=0.000), Max=(X=0.000 Y=0.000 Z=0.000)
     Loading Range: 25600.00
Block Slow Loading: No
 ClientOnlyVisible: No

[+] Grid Levels: 1
 |- Level  0: Cell Count    0 | Cell Size   12800 | Actor Count    0 (0.0%)

[+] Content of Grid Level 0

